{
  "RSpec": {
    "coverage": {
      "/home/corti/code/spatio-backend/lib/spatio.rb": [
        null,
        null,
        1,
        1,
        1,
        null,
        1,
        1,
        1,
        1,
        1,
        1,
        null,
        1,
        1,
        null,
        1,
        1,
        null,
        null,
        1,
        null,
        null,
        1,
        null,
        1,
        null,
        null,
        1,
        3,
        null,
        null,
        null,
        1,
        2,
        null,
        null,
        null,
        1,
        1,
        1
      ],
      "/home/corti/code/spatio-backend/lib/spatio/parser.rb": [
        1,
        null,
        1,
        1,
        null,
        1,
        1,
        null,
        null,
        null
      ],
      "/home/corti/code/spatio-backend/lib/spatio/parser/base.rb": [
        null,
        null,
        1,
        1,
        1,
        1,
        1,
        null,
        1,
        1,
        1,
        1,
        null,
        null,
        1,
        9,
        null,
        null,
        null,
        null,
        null,
        null,
        null,
        null,
        1,
        9,
        null,
        9,
        null,
        9,
        null,
        null,
        1,
        1,
        9,
        9,
        null,
        null,
        1,
        9,
        18,
        18,
        null,
        null,
        null,
        1,
        9,
        27,
        21,
        null,
        9,
        null,
        null,
        1,
        9,
        null,
        null,
        null,
        1,
        27,
        null,
        null,
        null,
        null
      ],
      "/home/corti/code/spatio-backend/lib/spatio/parser/street.rb": [
        null,
        null,
        1,
        1,
        1,
        1,
        null,
        null,
        1,
        14,
        null,
        null,
        null,
        null,
        1,
        14,
        14,
        14,
        14,
        14,
        null,
        null,
        null,
        null,
        1,
        14,
        null,
        null,
        1,
        null,
        1,
        14,
        14,
        9,
        9,
        null,
        null,
        14,
        null,
        null,
        1,
        null,
        28,
        null,
        null,
        null,
        null
      ],
      "/home/corti/code/spatio-backend/lib/spatio/parser/district.rb": [
        null,
        null,
        1,
        1,
        1,
        1,
        null,
        null,
        1,
        13,
        null,
        null,
        1,
        13,
        13,
        null,
        null,
        null,
        null,
        null,
        1,
        13,
        4,
        null,
        null,
        null,
        null,
        1,
        null,
        1,
        17,
        null,
        null,
        null,
        null
      ],
      "/home/corti/code/spatio-backend/lib/spatio/parser/city.rb": [
        null,
        null,
        1,
        1,
        1,
        null,
        null,
        1,
        6,
        null,
        null,
        null,
        null,
        null
      ],
      "/home/corti/code/spatio-backend/lib/spatio/parser/state.rb": [
        null,
        null,
        1,
        1,
        1,
        null,
        1,
        8,
        null,
        null,
        null,
        null,
        null
      ],
      "/home/corti/code/spatio-backend/lib/spatio/reader.rb": [
        null,
        null,
        1,
        1,
        null,
        null,
        1,
        1,
        1
      ],
      "/home/corti/code/spatio-backend/lib/spatio/reader/rss.rb": [
        null,
        1,
        1,
        1,
        null,
        1,
        1,
        null,
        1,
        null,
        1,
        2,
        40,
        40,
        null,
        null,
        null,
        1,
        2,
        null,
        null,
        1,
        40,
        40,
        20,
        20,
        20,
        null,
        20,
        null,
        null,
        null,
        1,
        40,
        null,
        null,
        1,
        20,
        20,
        null,
        null,
        null
      ],
      "/home/corti/code/spatio-backend/lib/spatio/reader/base.rb": [
        null,
        1,
        1,
        null,
        1,
        1,
        1,
        1,
        null,
        null,
        null,
        1,
        3,
        null,
        null,
        null,
        1,
        4,
        null,
        null,
        null,
        null,
        null,
        null,
        1,
        4,
        80,
        null,
        4,
        null,
        null,
        null,
        null,
        1,
        4,
        4,
        4,
        4,
        null,
        null,
        1,
        null,
        1,
        null,
        null,
        null,
        null,
        80,
        null,
        null,
        1,
        80,
        80,
        80,
        80,
        null,
        80,
        null,
        null,
        1,
        240,
        240,
        360,
        null,
        240,
        null,
        null,
        1,
        4,
        80,
        null,
        null,
        null,
        1,
        80,
        null,
        null,
        1,
        4,
        null,
        null,
        1,
        4,
        null,
        null,
        1,
        260,
        260,
        260,
        null,
        null,
        null,
        null
      ],
      "/home/corti/code/spatio-backend/lib/spatio/reader/csv.rb": [
        null,
        1,
        1,
        1,
        null,
        1,
        1,
        1,
        null,
        1,
        null,
        1,
        1,
        null,
        null,
        null,
        null,
        null,
        1,
        1,
        null,
        null,
        null,
        null
      ],
      "/home/corti/code/spatio-backend/lib/spatio/reader/excel.rb": [
        null,
        1,
        1,
        1,
        null,
        1,
        1,
        1,
        null,
        1,
        null,
        1,
        1,
        null,
        null,
        1,
        1,
        1,
        null,
        null,
        null,
        1,
        1,
        null,
        null,
        null,
        null
      ],
      "/home/corti/code/spatio-backend/lib/spatio/geocode.rb": [
        null,
        1,
        1,
        null,
        1,
        1,
        null,
        1,
        null,
        null,
        null,
        1,
        2,
        2,
        1,
        null,
        null,
        null
      ],
      "/home/corti/code/spatio-backend/lib/spatio/geocode/street.rb": [
        null,
        1,
        null,
        1,
        1,
        1,
        1,
        null,
        null,
        1,
        5,
        null,
        null,
        null,
        null,
        null,
        1,
        5,
        4,
        4,
        2,
        null,
        null,
        1,
        null,
        null,
        null,
        null,
        null,
        1,
        5,
        5,
        5,
        null,
        null,
        1,
        2,
        3,
        3,
        3,
        3,
        null,
        null,
        null,
        null,
        null,
        null,
        null,
        1,
        2,
        2,
        2,
        2,
        null,
        null,
        null,
        null,
        null,
        null,
        1,
        5,
        5,
        5,
        5,
        null,
        null,
        1,
        5,
        null,
        null,
        null,
        null
      ],
      "/home/corti/code/spatio-backend/lib/spatio/geocode/osm_data.rb": [
        null,
        null,
        1,
        1,
        1,
        1,
        null,
        null,
        1,
        4,
        null,
        null,
        null,
        null,
        1,
        4,
        4,
        3,
        3,
        null,
        null,
        1,
        null,
        null,
        null,
        null,
        1,
        4,
        null,
        null,
        1,
        4,
        3,
        null,
        null,
        null,
        null,
        null,
        1,
        3,
        3,
        null,
        null,
        1,
        6,
        null,
        null,
        1,
        3,
        null,
        null,
        null,
        null,
        null
      ],
      "/home/corti/code/spatio-backend/lib/spatio/exceptions.rb": [
        1,
        1,
        null
      ],
      "/home/corti/code/spatio-backend/lib/spatio/persist.rb": [
        null,
        null,
        1,
        1,
        1,
        null,
        null,
        1,
        1,
        1,
        1,
        1,
        null,
        null,
        1,
        1,
        1,
        1,
        null,
        null,
        null
      ],
      "/home/corti/code/spatio-backend/lib/spatio/jobs/import_job.rb": [
        null,
        1,
        1,
        1,
        1,
        null,
        1,
        null,
        1,
        1,
        1,
        null,
        null,
        null,
        null,
        1,
        1,
        1,
        null,
        null,
        null,
        null,
        1,
        1,
        1,
        1,
        1,
        null,
        null,
        1,
        null,
        1,
        5,
        null,
        1,
        1,
        1,
        1,
        1,
        null,
        null,
        null,
        1,
        1,
        null,
        1,
        20,
        null,
        null,
        null,
        1,
        1,
        null,
        null,
        1,
        2,
        null,
        null,
        1,
        1,
        21,
        null,
        null,
        1,
        20,
        20,
        20,
        null,
        420,
        20,
        null,
        null,
        null
      ],
      "/home/corti/code/spatio-backend/lib/spatio/importer.rb": [
        null,
        1,
        null,
        1,
        1,
        1,
        null,
        1,
        5,
        null,
        null,
        null,
        null,
        null,
        1,
        5,
        5,
        null,
        null,
        1,
        null,
        1,
        5,
        5,
        5,
        3,
        2,
        1,
        null,
        null,
        1,
        null,
        null,
        null,
        1,
        null,
        null,
        null,
        null,
        null,
        5,
        null,
        null,
        1,
        5,
        null,
        null,
        1,
        5,
        5,
        null,
        null,
        1,
        5,
        null,
        null,
        null
      ],
      "/home/corti/code/spatio-backend/lib/spatio/core_ext/hash.rb": [
        1,
        null,
        1,
        5,
        3,
        null,
        null
      ],
      "/home/corti/code/spatio-backend/lib/spatio/core_ext/numeric.rb": [
        1,
        null,
        null,
        null,
        null,
        1,
        4,
        4,
        4,
        null,
        4,
        1,
        3,
        1,
        2,
        2,
        null,
        null,
        null
      ],
      "/home/corti/code/spatio-backend/config/initializers/geocoder.rb": [
        null,
        null,
        1,
        1,
        null,
        1,
        null,
        null,
        null,
        null,
        null
      ],
      "/home/corti/code/spatio-backend/app/models.rb": [
        1,
        null,
        1,
        1,
        1,
        1,
        1,
        1,
        1,
        1,
        1
      ],
      "/home/corti/code/spatio-backend/app/models/state.rb": [
        1,
        1,
        1,
        null
      ],
      "/home/corti/code/spatio-backend/app/models/community.rb": [
        1,
        1,
        1,
        1,
        null,
        1,
        null
      ],
      "/home/corti/code/spatio-backend/app/models/district.rb": [
        1,
        1,
        null,
        1,
        null
      ],
      "/home/corti/code/spatio-backend/app/models/locality.rb": [
        1,
        1,
        null,
        1,
        null
      ],
      "/home/corti/code/spatio-backend/app/models/format_definition.rb": [
        1,
        null,
        1,
        1,
        1,
        1,
        1,
        null,
        1,
        1,
        null,
        null,
        1,
        32,
        32,
        160,
        32,
        null,
        null,
        null,
        1,
        31,
        31,
        null,
        1,
        null,
        null,
        null,
        null,
        1,
        31,
        31,
        null,
        31,
        2,
        null,
        null,
        null,
        null,
        1,
        31,
        null,
        null,
        null,
        1,
        31,
        null,
        null,
        null,
        1,
        17,
        null,
        null,
        null,
        null,
        null,
        1,
        4,
        3,
        2,
        null,
        null,
        1,
        null,
        1,
        31,
        30,
        29,
        null,
        29,
        null,
        null,
        1,
        30,
        64,
        null,
        29,
        null,
        null,
        1,
        29,
        63,
        null,
        28,
        null,
        null
      ],
      "/home/corti/code/spatio-backend/app/models/import.rb": [
        1,
        1,
        1,
        1,
        1,
        null,
        1,
        null,
        1,
        null,
        null,
        1,
        3,
        3,
        3,
        null,
        null,
        null,
        null,
        1,
        3,
        3,
        3,
        3,
        null,
        null,
        null,
        null,
        1,
        1,
        1,
        null,
        null,
        null,
        null,
        null,
        null,
        null,
        1,
        13,
        1,
        1,
        1,
        null,
        null,
        null,
        null
      ],
      "/home/corti/code/spatio-backend/app/models/namespace.rb": [
        1,
        1,
        1,
        null,
        1,
        null,
        null,
        1,
        5,
        null,
        null,
        null,
        1,
        5,
        null,
        null,
        null,
        null,
        null,
        null,
        1,
        3,
        3,
        3,
        null,
        3,
        3,
        null,
        null,
        null,
        1,
        null,
        1,
        3,
        6,
        null,
        null,
        null
      ],
      "/home/corti/code/spatio-backend/app/models/field.rb": [
        1,
        1,
        null
      ],
      "/home/corti/code/spatio-backend/app/models/road.rb": [
        1,
        null
      ],
      "/home/corti/code/spatio-backend/spec/lib/spatio/core_ext/hash_spec.rb": [
        1,
        null,
        1,
        1,
        1,
        1,
        null,
        null,
        1,
        1,
        1,
        1,
        null,
        null,
        1,
        1,
        1,
        1,
        null,
        null,
        null
      ],
      "/home/corti/code/spatio-backend/spec/lib/spatio/core_ext/numeric_spec.rb": [
        1,
        null,
        1,
        1,
        1,
        1,
        null,
        null,
        1,
        1,
        null,
        null,
        1,
        1,
        null,
        null,
        null
      ],
      "/home/corti/code/spatio-backend/spec/lib/spatio/geocode/osm_data_spec.rb": [
        1,
        null,
        1,
        6,
        null,
        2,
        null,
        1,
        1,
        1,
        1,
        null,
        null,
        1,
        1,
        1,
        null,
        1,
        null,
        null,
        1,
        1,
        1,
        null,
        null,
        null,
        null,
        1,
        1,
        1,
        1,
        null,
        null,
        null
      ],
      "/home/corti/code/spatio-backend/spec/lib/spatio/geocode/street_spec.rb": [
        1,
        null,
        1,
        2,
        5,
        2,
        3,
        6,
        4,
        null,
        1,
        4,
        15,
        4,
        null,
        null,
        2,
        null,
        1,
        1,
        null,
        null,
        1,
        1,
        null,
        1,
        null,
        null,
        null,
        null,
        1,
        1,
        1,
        null,
        1,
        null,
        null,
        null,
        null,
        1,
        1,
        null,
        1,
        null,
        null,
        null,
        null,
        1,
        1,
        null,
        null,
        null,
        null,
        null,
        null
      ],
      "/home/corti/code/spatio-backend/spec/lib/spatio/geocode_spec.rb": [
        1,
        null,
        1,
        2,
        null,
        1,
        1,
        1,
        1,
        null,
        1,
        1,
        null,
        null,
        1,
        1,
        1,
        null,
        1,
        1,
        1,
        null,
        null,
        null
      ],
      "/home/corti/code/spatio-backend/spec/lib/spatio/importer_spec.rb": [
        null,
        null,
        1,
        null,
        1,
        6,
        6,
        6,
        null,
        6,
        6,
        6,
        null,
        1,
        6,
        1,
        1,
        1,
        null,
        1,
        1,
        null,
        null,
        1,
        1,
        1,
        null,
        1,
        null,
        1,
        1,
        null,
        null,
        1,
        1,
        1,
        1,
        null,
        1,
        1,
        1,
        null,
        1,
        1,
        null,
        null,
        1,
        1,
        2,
        2,
        null,
        null,
        1,
        1,
        null,
        1,
        1,
        null,
        null,
        1,
        1,
        null,
        1,
        1,
        null,
        null,
        null,
        null,
        null
      ],
      "/home/corti/code/spatio-backend/spec/lib/spatio/jobs/import_job_spec.rb": [
        null,
        1,
        null,
        1,
        3,
        2,
        null,
        1,
        2,
        2,
        2,
        1,
        1,
        21,
        1,
        null,
        null,
        1,
        1,
        1,
        1,
        1,
        null,
        null,
        1,
        1,
        null,
        null,
        1,
        null,
        null,
        null,
        null,
        20,
        null,
        null,
        1,
        1,
        1,
        null,
        1,
        1,
        1,
        null,
        null,
        null,
        null
      ],
      "/home/corti/code/spatio-backend/spec/lib/spatio/parser/base_spec.rb": [
        null,
        null,
        1,
        10,
        null,
        1,
        7,
        4,
        null,
        1,
        1,
        1,
        null,
        null,
        1,
        1,
        1,
        1,
        null,
        null,
        1,
        1,
        1,
        null,
        null,
        1,
        1,
        1,
        null,
        null,
        1,
        1,
        1,
        1,
        null,
        null,
        1,
        1,
        1,
        null,
        null,
        1,
        1,
        1,
        1,
        null,
        null,
        1,
        1,
        1,
        1,
        null,
        null,
        1,
        1,
        1,
        1,
        1,
        null,
        1,
        1,
        null,
        null,
        null,
        null
      ],
      "/home/corti/code/spatio-backend/spec/lib/spatio/parser/city_spec.rb": [
        null,
        null,
        1,
        2,
        null,
        1,
        1,
        1,
        null,
        null,
        1,
        1,
        null,
        null
      ],
      "/home/corti/code/spatio-backend/spec/lib/spatio/parser/district_spec.rb": [
        1,
        null,
        1,
        6,
        null,
        1,
        4,
        4,
        null,
        1,
        1,
        null,
        null,
        1,
        1,
        1,
        null,
        null,
        1,
        1,
        1,
        null,
        null,
        1,
        null,
        null,
        null,
        1,
        1,
        1,
        1,
        null,
        1,
        null,
        null,
        1,
        2,
        null,
        null
      ],
      "/home/corti/code/spatio-backend/spec/lib/spatio/parser/state_spec.rb": [
        1,
        null,
        1,
        2,
        null,
        1,
        1,
        1,
        null,
        null,
        1,
        1,
        null,
        null
      ],
      "/home/corti/code/spatio-backend/spec/lib/spatio/parser/street_spec.rb": [
        null,
        null,
        1,
        8,
        1,
        1,
        null,
        1,
        1,
        3,
        3,
        3,
        null,
        null,
        null,
        null,
        1,
        1,
        1,
        1,
        null,
        null,
        1,
        1,
        1,
        1,
        null,
        null,
        null,
        1,
        3,
        3,
        null,
        1,
        2,
        2,
        null,
        null,
        1,
        1,
        null,
        null,
        1,
        null,
        1,
        null,
        null,
        null,
        null
      ],
      "/home/corti/code/spatio-backend/spec/lib/spatio/parser_spec.rb": [
        null,
        null,
        1,
        1,
        1,
        1,
        1,
        null,
        1,
        null,
        null,
        null
      ],
      "/home/corti/code/spatio-backend/spec/lib/spatio/persist_spec.rb": [
        null,
        null,
        1,
        null,
        1,
        2,
        null,
        1,
        3,
        null,
        1,
        1,
        1,
        1,
        null,
        null,
        1,
        1,
        null,
        null,
        1,
        2,
        null,
        null,
        1,
        1,
        1,
        null,
        1,
        4,
        null,
        null,
        null
      ],
      "/home/corti/code/spatio-backend/spec/lib/spatio/reader/csv_spec.rb": [
        null,
        null,
        1,
        null,
        1,
        2,
        null,
        2,
        null,
        1,
        1,
        1,
        null,
        null,
        null,
        null,
        null,
        1,
        1,
        null,
        null,
        null,
        1,
        1,
        null,
        null,
        4,
        2,
        null,
        1,
        1,
        1,
        null,
        null,
        1,
        1,
        null,
        null,
        null,
        1,
        1,
        null,
        null,
        1,
        1,
        1,
        null,
        null,
        null,
        1,
        1,
        null,
        null,
        null
      ],
      "/home/corti/code/spatio-backend/spec/lib/spatio/reader/excel_spec.rb": [
        null,
        null,
        1,
        null,
        1,
        2,
        null,
        2,
        null,
        1,
        1,
        1,
        null,
        null,
        null,
        null,
        1,
        1,
        null,
        null,
        null,
        1,
        1,
        null,
        null,
        2,
        2,
        2,
        2,
        2,
        null,
        1,
        1,
        1,
        null,
        null,
        1,
        1,
        null,
        null,
        1,
        1,
        null,
        null,
        1,
        1,
        null,
        null,
        null,
        1,
        1,
        null,
        null,
        1,
        1,
        1,
        null,
        null,
        null
      ],
      "/home/corti/code/spatio-backend/spec/lib/spatio/reader/rss_spec.rb": [
        null,
        null,
        1,
        null,
        1,
        2,
        null,
        2,
        null,
        1,
        1,
        1,
        null,
        null,
        null,
        null,
        null,
        null,
        1,
        1,
        null,
        null,
        null,
        1,
        1,
        null,
        null,
        4,
        2,
        null,
        1,
        1,
        1,
        null,
        null,
        1,
        1,
        null,
        null,
        null,
        1,
        1,
        null,
        null,
        1,
        1,
        1,
        null,
        null,
        null,
        1,
        1,
        null,
        null,
        1,
        1,
        1,
        1,
        null,
        null
      ],
      "/home/corti/code/spatio-backend/spec/lib/spatio/sparql_client_spec.rb": [
        1,
        1,
        null,
        1,
        1,
        1,
        1,
        null,
        null,
        1,
        1,
        null,
        null,
        null,
        1,
        1,
        1,
        null,
        null,
        1,
        1,
        null,
        null,
        1,
        1,
        null,
        null,
        1,
        3,
        3,
        null,
        null,
        null,
        null
      ],
      "/home/corti/code/spatio-backend/lib/spatio/sparql_client.rb": [
        1,
        null,
        1,
        1,
        1,
        null,
        1,
        null,
        null,
        null,
        null,
        1,
        6,
        null,
        null,
        null,
        null,
        null,
        null,
        null,
        null,
        732,
        null,
        null,
        null,
        1,
        2,
        null,
        null,
        null,
        38,
        null,
        null,
        1,
        null,
        1,
        770,
        null,
        null,
        1,
        8,
        null,
        null,
        null
      ],
      "/home/corti/code/spatio-backend/spec/lib/spatio_spec.rb": [
        1,
        null,
        1,
        1,
        1,
        1,
        1,
        null,
        1,
        1,
        null,
        null,
        null
      ],
      "/home/corti/code/spatio-backend/spec/models/format_definition_spec.rb": [
        null,
        1,
        null,
        1,
        null,
        1,
        2,
        2,
        2,
        null,
        null,
        1,
        1,
        1,
        null,
        1,
        1,
        null,
        1,
        1,
        null,
        null,
        1,
        1,
        1,
        null,
        null,
        1,
        1,
        null,
        null,
        null,
        null,
        1,
        5,
        null,
        1,
        1,
        null,
        1,
        null,
        null,
        1,
        null,
        null,
        1,
        1,
        null,
        1,
        null,
        null,
        null,
        1,
        null,
        null,
        1,
        1,
        null,
        1,
        null,
        null,
        null,
        1,
        null,
        null,
        1,
        1,
        null,
        1,
        null,
        null,
        null,
        1,
        null,
        null,
        null,
        null,
        1,
        1,
        1,
        null,
        1,
        null,
        null,
        1,
        1,
        null,
        1,
        null,
        null,
        1,
        1,
        null,
        null,
        1,
        null,
        null,
        1,
        1,
        null,
        null,
        null,
        1,
        null,
        null,
        1,
        1,
        null,
        null,
        null,
        1,
        null,
        null,
        null
      ],
      "/home/corti/code/spatio-backend/spec/models/import_spec.rb": [
        1,
        null,
        1,
        1,
        1,
        null,
        1,
        1,
        null,
        null,
        1,
        1,
        5,
        null,
        1,
        null,
        null,
        1,
        1,
        1,
        1,
        null,
        null,
        null,
        1,
        3,
        null,
        1,
        1,
        1,
        1,
        null,
        null,
        1,
        1,
        null,
        null,
        1,
        1,
        1,
        1,
        null,
        null,
        null,
        1,
        1,
        null,
        null,
        1,
        null,
        null,
        1,
        1,
        null,
        1,
        4,
        null,
        null,
        null,
        null,
        null
      ],
      "/home/corti/code/spatio-backend/spec/models/namespace_spec.rb": [
        1,
        null,
        1,
        1,
        3,
        1,
        2,
        null,
        null,
        null,
        1,
        1,
        1,
        null,
        null,
        1,
        1,
        null,
        1,
        null,
        null,
        null
      ]
    },
    "timestamp": 1381334992
  }
}
